[19:54:40] [Server thread/INFO]: Starting minecraft server version 1.12
[19:54:40] [Server thread/INFO]: Loading properties
[19:54:40] [Server thread/INFO]: Default game type: SURVIVAL
[19:54:40] [Server thread/INFO]: Generating keypair
[19:54:40] [Server thread/INFO]: Starting Minecraft server on *:25565
[19:54:40] [Server thread/INFO]: Using default channel type
[19:54:45] [Server thread/INFO]: Preparing level "world"
[19:54:46] [Server thread/INFO]: Loaded 488 advancements
[19:54:46] [Server thread/INFO]: Preparing start region for level 0
[19:54:47] [Server thread/INFO]: Preparing spawn area: 63%
[19:54:48] [Server thread/INFO]: Done (2.147s)! For help, type "help" or "?"
[19:55:40] [User Authenticator #1/INFO]: UUID of player ctare is 93b869ee-cf7f-457e-8d9d-073609b0518a
[19:55:40] [Server thread/INFO]: ctare[/127.0.0.1:51136] logged in with entity id 328 at (4.5, 64.0, 235.5)
[19:55:40] [Server thread/INFO]: ctare joined the game
[19:55:44] [Server thread/INFO]: You must specify which player you wish to perform this action on.
[19:55:59] [Server thread/INFO]: You must specify which player you wish to perform this action on.
[19:56:06] [Server thread/INFO]: You must specify which player you wish to perform this action on.
[19:56:10] [Server thread/INFO]: Opped ctare
[19:56:17] [Server thread/INFO]: [ctare: Set own game mode to Adventure Mode]
[19:56:23] [Server thread/INFO]: [ctare: Set own game mode to Spectator Mode]
[19:56:27] [Server thread/INFO]: [ctare: Set own game mode to Creative Mode]
[19:56:46] [Server thread/INFO]: Stopping the server
[19:56:46] [Server thread/INFO]: Stopping server
[19:56:46] [Server thread/INFO]: Saving players
[19:56:46] [Server thread/INFO]: Saving worlds
[19:56:46] [Server thread/INFO]: Saving chunks for level 'world'/overworld
[19:56:46] [Server thread/INFO]: Saving chunks for level 'world'/the_nether
[19:56:46] [Server thread/INFO]: Saving chunks for level 'world'/the_end
[19:56:46] [Server Shutdown Thread/INFO]: Stopping server
[19:56:46] [Server Shutdown Thread/INFO]: Saving players
